<?xml version="1.0" encoding="UTF-8"?>
<coverage generated="1777499461574" clover="3.2.0">
  <project timestamp="1777499461576" name="All files">
    <metrics statements="63" coveredstatements="63" conditionals="32" coveredconditionals="28" methods="26" coveredmethods="26" elements="121" coveredelements="117" complexity="0" loc="63" ncloc="63" packages="1" files="7" classes="7"/>
    <file name="auth.ts" path="C:\Users\hp\Desktop\Project\habit-tracker\src\lib\auth.ts">
      <metrics statements="13" coveredstatements="13" conditionals="6" coveredconditionals="6" methods="4" coveredmethods="4"/>
      <line num="16" count="9" type="cond" truecount="2" falsecount="0"/>
      <line num="17" count="2" type="stmt"/>
      <line num="20" count="7" type="stmt"/>
      <line num="27" count="7" type="stmt"/>
      <line num="28" count="7" type="stmt"/>
      <line num="36" count="5" type="stmt"/>
      <line num="38" count="5" type="cond" truecount="4" falsecount="0"/>
      <line num="39" count="2" type="stmt"/>
      <line num="42" count="3" type="stmt"/>
      <line num="43" count="3" type="stmt"/>
      <line num="44" count="3" type="stmt"/>
      <line num="49" count="1" type="stmt"/>
      <line num="54" count="4" type="stmt"/>
    </file>
    <file name="constants.ts" path="C:\Users\hp\Desktop\Project\habit-tracker\src\lib\constants.ts">
      <metrics statements="5" coveredstatements="5" conditionals="0" coveredconditionals="0" methods="0" coveredmethods="0"/>
      <line num="2" count="5" type="stmt"/>
      <line num="3" count="5" type="stmt"/>
      <line num="4" count="5" type="stmt"/>
      <line num="7" count="5" type="stmt"/>
      <line num="8" count="5" type="stmt"/>
    </file>
    <file name="habits.ts" path="C:\Users\hp\Desktop\Project\habit-tracker\src\lib\habits.ts">
      <metrics statements="4" coveredstatements="4" conditionals="2" coveredconditionals="2" methods="2" coveredmethods="2"/>
      <line num="4" count="6" type="stmt"/>
      <line num="6" count="6" type="cond" truecount="2" falsecount="0"/>
      <line num="7" count="2" type="stmt"/>
      <line num="11" count="6" type="stmt"/>
    </file>
    <file name="slug.ts" path="C:\Users\hp\Desktop\Project\habit-tracker\src\lib\slug.ts">
      <metrics statements="1" coveredstatements="1" conditionals="0" coveredconditionals="0" methods="1" coveredmethods="1"/>
      <line num="2" count="15" type="stmt"/>
    </file>
    <file name="storage.ts" path="C:\Users\hp\Desktop\Project\habit-tracker\src\lib\storage.ts">
      <metrics statements="23" coveredstatements="23" conditionals="14" coveredconditionals="10" methods="17" coveredmethods="17"/>
      <line num="8" count="28" type="cond" truecount="1" falsecount="1"/>
      <line num="9" count="28" type="stmt"/>
      <line num="10" count="28" type="cond" truecount="2" falsecount="0"/>
      <line num="14" count="11" type="stmt"/>
      <line num="18" count="16" type="stmt"/>
      <line num="22" count="1" type="stmt"/>
      <line num="23" count="1" type="stmt"/>
      <line num="29" count="1" type="stmt"/>
      <line num="30" count="1" type="stmt"/>
      <line num="36" count="7" type="cond" truecount="1" falsecount="1"/>
      <line num="37" count="7" type="stmt"/>
      <line num="38" count="7" type="cond" truecount="2" falsecount="0"/>
      <line num="42" count="7" type="stmt"/>
      <line num="46" count="2" type="stmt"/>
      <line num="52" count="24" type="cond" truecount="1" falsecount="1"/>
      <line num="53" count="24" type="stmt"/>
      <line num="54" count="24" type="cond" truecount="2" falsecount="0"/>
      <line num="58" count="15" type="stmt"/>
      <line num="62" count="4" type="stmt"/>
      <line num="66" count="4" type="stmt"/>
      <line num="70" count="4" type="cond" truecount="1" falsecount="1"/>
      <line num="71" count="4" type="stmt"/>
      <line num="75" count="2" type="stmt"/>
    </file>
    <file name="streaks.ts" path="C:\Users\hp\Desktop\Project\habit-tracker\src\lib\streaks.ts">
      <metrics statements="11" coveredstatements="11" conditionals="6" coveredconditionals="6" methods="1" coveredmethods="1"/>
      <line num="3" count="19" type="cond" truecount="2" falsecount="0"/>
      <line num="6" count="19" type="stmt"/>
      <line num="9" count="19" type="cond" truecount="2" falsecount="0"/>
      <line num="12" count="9" type="stmt"/>
      <line num="13" count="9" type="stmt"/>
      <line num="15" count="9" type="stmt"/>
      <line num="16" count="25" type="stmt"/>
      <line num="17" count="25" type="cond" truecount="2" falsecount="0"/>
      <line num="18" count="16" type="stmt"/>
      <line num="20" count="16" type="stmt"/>
      <line num="23" count="9" type="stmt"/>
    </file>
    <file name="validators.ts" path="C:\Users\hp\Desktop\Project\habit-tracker\src\lib\validators.ts">
      <metrics statements="6" coveredstatements="6" conditionals="4" coveredconditionals="4" methods="1" coveredmethods="1"/>
      <line num="8" count="8" type="stmt"/>
      <line num="10" count="8" type="cond" truecount="2" falsecount="0"/>
      <line num="11" count="4" type="stmt"/>
      <line num="14" count="4" type="cond" truecount="2" falsecount="0"/>
      <line num="15" count="1" type="stmt"/>
      <line num="22" count="3" type="stmt"/>
    </file>
  </project>
</coverage>
