{"C:\\Users\\hp\\Desktop\\Project\\habit-tracker\\src\\lib\\auth.ts": {"path":"C:\\Users\\hp\\Desktop\\Project\\habit-tracker\\src\\lib\\auth.ts","statementMap":{"0":{"start":{"line":16,"column":2},"end":{"line":17,"column":null}},"1":{"start":{"line":17,"column":4},"end":{"line":17,"column":null}},"2":{"start":{"line":20,"column":24},"end":{"line":25,"column":null}},"3":{"start":{"line":27,"column":2},"end":{"line":27,"column":null}},"4":{"start":{"line":28,"column":2},"end":{"line":28,"column":null}},"5":{"start":{"line":36,"column":8},"end":{"line":36,"column":37}},"6":{"start":{"line":38,"column":2},"end":{"line":39,"column":null}},"7":{"start":{"line":39,"column":4},"end":{"line":39,"column":null}},"8":{"start":{"line":42,"column":27},"end":{"line":42,"column":null}},"9":{"start":{"line":43,"column":2},"end":{"line":43,"column":null}},"10":{"start":{"line":44,"column":2},"end":{"line":44,"column":null}},"11":{"start":{"line":49,"column":2},"end":{"line":49,"column":null}},"12":{"start":{"line":54,"column":2},"end":{"line":54,"column":null}}},"fnMap":{"0":{"name":"signUp","decl":{"start":{"line":12,"column":16},"end":{"line":12,"column":null}},"loc":{"start":{"line":15,"column":63},"end":{"line":28,"column":null}},"line":15},"1":{"name":"logIn","decl":{"start":{"line":32,"column":16},"end":{"line":32,"column":null}},"loc":{"start":{"line":35,"column":72},"end":{"line":44,"column":null}},"line":35},"2":{"name":"logOut","decl":{"start":{"line":48,"column":16},"end":{"line":48,"column":31}},"loc":{"start":{"line":48,"column":31},"end":{"line":49,"column":null}},"line":48},"3":{"name":"getActiveSession","decl":{"start":{"line":53,"column":16},"end":{"line":53,"column":51}},"loc":{"start":{"line":53,"column":51},"end":{"line":54,"column":null}},"line":53}},"branchMap":{"0":{"loc":{"start":{"line":16,"column":2},"end":{"line":17,"column":null}},"type":"if","locations":[{"start":{"line":16,"column":2},"end":{"line":17,"column":null}},{"start":{},"end":{}}],"line":16},"1":{"loc":{"start":{"line":38,"column":2},"end":{"line":39,"column":null}},"type":"if","locations":[{"start":{"line":38,"column":2},"end":{"line":39,"column":null}},{"start":{},"end":{}}],"line":38},"2":{"loc":{"start":{"line":38,"column":6},"end":{"line":38,"column":43}},"type":"binary-expr","locations":[{"start":{"line":38,"column":6},"end":{"line":38,"column":15}},{"start":{"line":38,"column":15},"end":{"line":38,"column":43}}],"line":38}},"s":{"0":9,"1":2,"2":7,"3":7,"4":7,"5":5,"6":5,"7":2,"8":3,"9":3,"10":3,"11":1,"12":4},"f":{"0":9,"1":5,"2":1,"3":4},"b":{"0":[2,7],"1":[2,3],"2":[5,4]},"meta":{"lastBranch":3,"lastFunction":4,"lastStatement":13,"seen":{"f:12:16:12:Infinity":0,"b:16:2:17:Infinity:undefined:undefined:undefined:undefined":0,"s:16:2:17:Infinity":0,"s:17:4:17:Infinity":1,"s:20:24:25:Infinity":2,"s:27:2:27:Infinity":3,"s:28:2:28:Infinity":4,"f:32:16:32:Infinity":1,"s:36:8:36:37":5,"b:38:2:39:Infinity:undefined:undefined:undefined:undefined":1,"s:38:2:39:Infinity":6,"b:38:6:38:15:38:15:38:43":2,"s:39:4:39:Infinity":7,"s:42:27:42:Infinity":8,"s:43:2:43:Infinity":9,"s:44:2:44:Infinity":10,"f:48:16:48:31":2,"s:49:2:49:Infinity":11,"f:53:16:53:51":3,"s:54:2:54:Infinity":12}}}
,"C:\\Users\\hp\\Desktop\\Project\\habit-tracker\\src\\lib\\constants.ts": {"path":"C:\\Users\\hp\\Desktop\\Project\\habit-tracker\\src\\lib\\constants.ts","statementMap":{"0":{"start":{"line":2,"column":25},"end":{"line":2,"column":null}},"1":{"start":{"line":3,"column":27},"end":{"line":3,"column":null}},"2":{"start":{"line":4,"column":26},"end":{"line":4,"column":null}},"3":{"start":{"line":7,"column":34},"end":{"line":7,"column":null}},"4":{"start":{"line":8,"column":37},"end":{"line":8,"column":null}}},"fnMap":{},"branchMap":{},"s":{"0":5,"1":5,"2":5,"3":5,"4":5},"f":{},"b":{},"meta":{"lastBranch":0,"lastFunction":0,"lastStatement":5,"seen":{"s:2:25:2:Infinity":0,"s:3:27:3:Infinity":1,"s:4:26:4:Infinity":2,"s:7:34:7:Infinity":3,"s:8:37:8:Infinity":4}}}
,"C:\\Users\\hp\\Desktop\\Project\\habit-tracker\\src\\lib\\habits.ts": {"path":"C:\\Users\\hp\\Desktop\\Project\\habit-tracker\\src\\lib\\habits.ts","statementMap":{"0":{"start":{"line":4,"column":18},"end":{"line":4,"column":50}},"1":{"start":{"line":6,"column":25},"end":{"line":8,"column":48}},"2":{"start":{"line":7,"column":38},"end":{"line":7,"column":49}},"3":{"start":{"line":11,"column":2},"end":{"line":11,"column":null}}},"fnMap":{"0":{"name":"toggleHabitCompletion","decl":{"start":{"line":3,"column":16},"end":{"line":3,"column":38}},"loc":{"start":{"line":3,"column":73},"end":{"line":11,"column":null}},"line":3},"1":{"name":"(anonymous_1)","decl":{"start":{"line":7,"column":24},"end":{"line":7,"column":32}},"loc":{"start":{"line":7,"column":38},"end":{"line":7,"column":49}},"line":7}},"branchMap":{"0":{"loc":{"start":{"line":6,"column":25},"end":{"line":8,"column":48}},"type":"cond-expr","locations":[{"start":{"line":7,"column":6},"end":{"line":7,"column":49}},{"start":{"line":8,"column":6},"end":{"line":8,"column":48}}],"line":6}},"s":{"0":6,"1":6,"2":2,"3":6},"f":{"0":6,"1":2},"b":{"0":[2,4]},"meta":{"lastBranch":1,"lastFunction":2,"lastStatement":4,"seen":{"f:3:16:3:38":0,"s:4:18:4:50":0,"s:6:25:8:48":1,"b:7:6:7:49:8:6:8:48":0,"f:7:24:7:32":1,"s:7:38:7:49":2,"s:11:2:11:Infinity":3}}}
,"C:\\Users\\hp\\Desktop\\Project\\habit-tracker\\src\\lib\\slug.ts": {"path":"C:\\Users\\hp\\Desktop\\Project\\habit-tracker\\src\\lib\\slug.ts","statementMap":{"0":{"start":{"line":2,"column":2},"end":{"line":6,"column":null}}},"fnMap":{"0":{"name":"getHabitSlug","decl":{"start":{"line":1,"column":16},"end":{"line":1,"column":29}},"loc":{"start":{"line":1,"column":51},"end":{"line":6,"column":null}},"line":1}},"branchMap":{},"s":{"0":15},"f":{"0":15},"b":{},"meta":{"lastBranch":0,"lastFunction":1,"lastStatement":1,"seen":{"f:1:16:1:29":0,"s:2:2:6:Infinity":0}}}
,"C:\\Users\\hp\\Desktop\\Project\\habit-tracker\\src\\lib\\storage.ts": {"path":"C:\\Users\\hp\\Desktop\\Project\\habit-tracker\\src\\lib\\storage.ts","statementMap":{"0":{"start":{"line":8,"column":2},"end":{"line":8,"column":null}},"1":{"start":{"line":8,"column":37},"end":{"line":8,"column":null}},"2":{"start":{"line":9,"column":14},"end":{"line":9,"column":45}},"3":{"start":{"line":10,"column":2},"end":{"line":10,"column":null}},"4":{"start":{"line":14,"column":2},"end":{"line":14,"column":null}},"5":{"start":{"line":18,"column":2},"end":{"line":18,"column":null}},"6":{"start":{"line":18,"column":32},"end":{"line":18,"column":50}},"7":{"start":{"line":22,"column":16},"end":{"line":22,"column":26}},"8":{"start":{"line":23,"column":24},"end":{"line":28,"column":null}},"9":{"start":{"line":29,"column":2},"end":{"line":29,"column":null}},"10":{"start":{"line":30,"column":2},"end":{"line":30,"column":null}},"11":{"start":{"line":36,"column":2},"end":{"line":36,"column":null}},"12":{"start":{"line":36,"column":37},"end":{"line":36,"column":null}},"13":{"start":{"line":37,"column":14},"end":{"line":37,"column":47}},"14":{"start":{"line":38,"column":2},"end":{"line":38,"column":null}},"15":{"start":{"line":42,"column":2},"end":{"line":42,"column":null}},"16":{"start":{"line":46,"column":2},"end":{"line":46,"column":null}},"17":{"start":{"line":52,"column":2},"end":{"line":52,"column":null}},"18":{"start":{"line":52,"column":37},"end":{"line":52,"column":null}},"19":{"start":{"line":53,"column":14},"end":{"line":53,"column":46}},"20":{"start":{"line":54,"column":2},"end":{"line":54,"column":null}},"21":{"start":{"line":58,"column":2},"end":{"line":58,"column":null}},"22":{"start":{"line":62,"column":2},"end":{"line":62,"column":null}},"23":{"start":{"line":62,"column":35},"end":{"line":62,"column":55}},"24":{"start":{"line":66,"column":2},"end":{"line":66,"column":null}},"25":{"start":{"line":70,"column":17},"end":{"line":70,"column":76}},"26":{"start":{"line":70,"column":41},"end":{"line":70,"column":76}},"27":{"start":{"line":71,"column":2},"end":{"line":71,"column":null}},"28":{"start":{"line":75,"column":2},"end":{"line":75,"column":null}},"29":{"start":{"line":75,"column":39},"end":{"line":75,"column":51}}},"fnMap":{"0":{"name":"getUsers","decl":{"start":{"line":7,"column":16},"end":{"line":7,"column":35}},"loc":{"start":{"line":7,"column":35},"end":{"line":10,"column":null}},"line":7},"1":{"name":"saveUsers","decl":{"start":{"line":13,"column":16},"end":{"line":13,"column":26}},"loc":{"start":{"line":13,"column":47},"end":{"line":14,"column":null}},"line":13},"2":{"name":"findUserByEmail","decl":{"start":{"line":17,"column":16},"end":{"line":17,"column":32}},"loc":{"start":{"line":17,"column":65},"end":{"line":18,"column":null}},"line":17},"3":{"name":"(anonymous_3)","decl":{"start":{"line":18,"column":20},"end":{"line":18,"column":26}},"loc":{"start":{"line":18,"column":32},"end":{"line":18,"column":50}},"line":18},"4":{"name":"createUser","decl":{"start":{"line":21,"column":16},"end":{"line":21,"column":27}},"loc":{"start":{"line":21,"column":66},"end":{"line":30,"column":null}},"line":21},"5":{"name":"getSession","decl":{"start":{"line":35,"column":16},"end":{"line":35,"column":45}},"loc":{"start":{"line":35,"column":45},"end":{"line":38,"column":null}},"line":35},"6":{"name":"saveSession","decl":{"start":{"line":41,"column":16},"end":{"line":41,"column":28}},"loc":{"start":{"line":41,"column":52},"end":{"line":42,"column":null}},"line":41},"7":{"name":"clearSession","decl":{"start":{"line":45,"column":16},"end":{"line":45,"column":37}},"loc":{"start":{"line":45,"column":37},"end":{"line":46,"column":null}},"line":45},"8":{"name":"getHabits","decl":{"start":{"line":51,"column":16},"end":{"line":51,"column":37}},"loc":{"start":{"line":51,"column":37},"end":{"line":54,"column":null}},"line":51},"9":{"name":"saveHabits","decl":{"start":{"line":57,"column":16},"end":{"line":57,"column":27}},"loc":{"start":{"line":57,"column":50},"end":{"line":58,"column":null}},"line":57},"10":{"name":"getHabitsForUser","decl":{"start":{"line":61,"column":16},"end":{"line":61,"column":33}},"loc":{"start":{"line":61,"column":58},"end":{"line":62,"column":null}},"line":61},"11":{"name":"(anonymous_11)","decl":{"start":{"line":62,"column":21},"end":{"line":62,"column":29}},"loc":{"start":{"line":62,"column":35},"end":{"line":62,"column":55}},"line":62},"12":{"name":"addHabit","decl":{"start":{"line":65,"column":16},"end":{"line":65,"column":25}},"loc":{"start":{"line":65,"column":45},"end":{"line":66,"column":null}},"line":65},"13":{"name":"updateHabit","decl":{"start":{"line":69,"column":16},"end":{"line":69,"column":28}},"loc":{"start":{"line":69,"column":50},"end":{"line":71,"column":null}},"line":69},"14":{"name":"(anonymous_14)","decl":{"start":{"line":70,"column":29},"end":{"line":70,"column":34}},"loc":{"start":{"line":70,"column":41},"end":{"line":70,"column":76}},"line":70},"15":{"name":"deleteHabit","decl":{"start":{"line":74,"column":16},"end":{"line":74,"column":28}},"loc":{"start":{"line":74,"column":46},"end":{"line":75,"column":null}},"line":74},"16":{"name":"(anonymous_16)","decl":{"start":{"line":75,"column":25},"end":{"line":75,"column":33}},"loc":{"start":{"line":75,"column":39},"end":{"line":75,"column":51}},"line":75}},"branchMap":{"0":{"loc":{"start":{"line":8,"column":2},"end":{"line":8,"column":null}},"type":"if","locations":[{"start":{"line":8,"column":2},"end":{"line":8,"column":null}},{"start":{},"end":{}}],"line":8},"1":{"loc":{"start":{"line":10,"column":9},"end":{"line":10,"column":35}},"type":"cond-expr","locations":[{"start":{"line":10,"column":15},"end":{"line":10,"column":30}},{"start":{"line":10,"column":33},"end":{"line":10,"column":35}}],"line":10},"2":{"loc":{"start":{"line":36,"column":2},"end":{"line":36,"column":null}},"type":"if","locations":[{"start":{"line":36,"column":2},"end":{"line":36,"column":null}},{"start":{},"end":{}}],"line":36},"3":{"loc":{"start":{"line":38,"column":9},"end":{"line":38,"column":null}},"type":"cond-expr","locations":[{"start":{"line":38,"column":15},"end":{"line":38,"column":30}},{"start":{"line":38,"column":33},"end":{"line":38,"column":null}}],"line":38},"4":{"loc":{"start":{"line":52,"column":2},"end":{"line":52,"column":null}},"type":"if","locations":[{"start":{"line":52,"column":2},"end":{"line":52,"column":null}},{"start":{},"end":{}}],"line":52},"5":{"loc":{"start":{"line":54,"column":9},"end":{"line":54,"column":35}},"type":"cond-expr","locations":[{"start":{"line":54,"column":15},"end":{"line":54,"column":30}},{"start":{"line":54,"column":33},"end":{"line":54,"column":35}}],"line":54},"6":{"loc":{"start":{"line":70,"column":41},"end":{"line":70,"column":76}},"type":"cond-expr","locations":[{"start":{"line":70,"column":63},"end":{"line":70,"column":73}},{"start":{"line":70,"column":73},"end":{"line":70,"column":76}}],"line":70}},"s":{"0":28,"1":0,"2":28,"3":28,"4":11,"5":16,"6":7,"7":1,"8":1,"9":1,"10":1,"11":7,"12":0,"13":7,"14":7,"15":7,"16":2,"17":24,"18":0,"19":24,"20":24,"21":15,"22":2,"23":4,"24":4,"25":4,"26":4,"27":4,"28":2,"29":2},"f":{"0":28,"1":11,"2":16,"3":7,"4":1,"5":7,"6":7,"7":2,"8":24,"9":15,"10":2,"11":4,"12":4,"13":4,"14":4,"15":2,"16":2},"b":{"0":[0,28],"1":[10,18],"2":[0,7],"3":[3,4],"4":[0,24],"5":[19,5],"6":[4,0]},"meta":{"lastBranch":7,"lastFunction":17,"lastStatement":30,"seen":{"f:7:16:7:35":0,"b:8:2:8:Infinity:undefined:undefined:undefined:undefined":0,"s:8:2:8:Infinity":0,"s:8:37:8:Infinity":1,"s:9:14:9:45":2,"s:10:2:10:Infinity":3,"b:10:15:10:30:10:33:10:35":1,"f:13:16:13:26":1,"s:14:2:14:Infinity":4,"f:17:16:17:32":2,"s:18:2:18:Infinity":5,"f:18:20:18:26":3,"s:18:32:18:50":6,"f:21:16:21:27":4,"s:22:16:22:26":7,"s:23:24:28:Infinity":8,"s:29:2:29:Infinity":9,"s:30:2:30:Infinity":10,"f:35:16:35:45":5,"b:36:2:36:Infinity:undefined:undefined:undefined:undefined":2,"s:36:2:36:Infinity":11,"s:36:37:36:Infinity":12,"s:37:14:37:47":13,"s:38:2:38:Infinity":14,"b:38:15:38:30:38:33:38:Infinity":3,"f:41:16:41:28":6,"s:42:2:42:Infinity":15,"f:45:16:45:37":7,"s:46:2:46:Infinity":16,"f:51:16:51:37":8,"b:52:2:52:Infinity:undefined:undefined:undefined:undefined":4,"s:52:2:52:Infinity":17,"s:52:37:52:Infinity":18,"s:53:14:53:46":19,"s:54:2:54:Infinity":20,"b:54:15:54:30:54:33:54:35":5,"f:57:16:57:27":9,"s:58:2:58:Infinity":21,"f:61:16:61:33":10,"s:62:2:62:Infinity":22,"f:62:21:62:29":11,"s:62:35:62:55":23,"f:65:16:65:25":12,"s:66:2:66:Infinity":24,"f:69:16:69:28":13,"s:70:17:70:76":25,"f:70:29:70:34":14,"s:70:41:70:76":26,"b:70:63:70:73:70:73:70:76":6,"s:71:2:71:Infinity":27,"f:74:16:74:28":15,"s:75:2:75:Infinity":28,"f:75:25:75:33":16,"s:75:39:75:51":29}}}
,"C:\\Users\\hp\\Desktop\\Project\\habit-tracker\\src\\lib\\streaks.ts": {"path":"C:\\Users\\hp\\Desktop\\Project\\habit-tracker\\src\\lib\\streaks.ts","statementMap":{"0":{"start":{"line":3,"column":19},"end":{"line":3,"column":null}},"1":{"start":{"line":6,"column":17},"end":{"line":6,"column":49}},"2":{"start":{"line":9,"column":2},"end":{"line":9,"column":null}},"3":{"start":{"line":9,"column":34},"end":{"line":9,"column":null}},"4":{"start":{"line":12,"column":15},"end":{"line":12,"column":null}},"5":{"start":{"line":13,"column":18},"end":{"line":13,"column":36}},"6":{"start":{"line":15,"column":2},"end":{"line":20,"column":null}},"7":{"start":{"line":16,"column":20},"end":{"line":16,"column":null}},"8":{"start":{"line":17,"column":4},"end":{"line":17,"column":null}},"9":{"start":{"line":17,"column":35},"end":{"line":17,"column":null}},"10":{"start":{"line":18,"column":4},"end":{"line":18,"column":null}},"11":{"start":{"line":20,"column":4},"end":{"line":20,"column":null}},"12":{"start":{"line":23,"column":2},"end":{"line":23,"column":null}}},"fnMap":{"0":{"name":"calculateCurrentStreak","decl":{"start":{"line":1,"column":16},"end":{"line":1,"column":39}},"loc":{"start":{"line":1,"column":86},"end":{"line":23,"column":null}},"line":1}},"branchMap":{"0":{"loc":{"start":{"line":3,"column":19},"end":{"line":3,"column":null}},"type":"binary-expr","locations":[{"start":{"line":3,"column":19},"end":{"line":3,"column":28}},{"start":{"line":3,"column":28},"end":{"line":3,"column":null}}],"line":3},"1":{"loc":{"start":{"line":9,"column":2},"end":{"line":9,"column":null}},"type":"if","locations":[{"start":{"line":9,"column":2},"end":{"line":9,"column":null}},{"start":{},"end":{}}],"line":9},"2":{"loc":{"start":{"line":17,"column":4},"end":{"line":17,"column":null}},"type":"if","locations":[{"start":{"line":17,"column":4},"end":{"line":17,"column":null}},{"start":{},"end":{}}],"line":17}},"s":{"0":19,"1":19,"2":19,"3":10,"4":9,"5":9,"6":9,"7":25,"8":25,"9":9,"10":16,"11":16,"12":9},"f":{"0":19},"b":{"0":[19,11],"1":[10,9],"2":[9,16]},"meta":{"lastBranch":3,"lastFunction":1,"lastStatement":13,"seen":{"f:1:16:1:39":0,"s:3:19:3:Infinity":0,"b:3:19:3:28:3:28:3:Infinity":0,"s:6:17:6:49":1,"b:9:2:9:Infinity:undefined:undefined:undefined:undefined":1,"s:9:2:9:Infinity":2,"s:9:34:9:Infinity":3,"s:12:15:12:Infinity":4,"s:13:18:13:36":5,"s:15:2:20:Infinity":6,"s:16:20:16:Infinity":7,"b:17:4:17:Infinity:undefined:undefined:undefined:undefined":2,"s:17:4:17:Infinity":8,"s:17:35:17:Infinity":9,"s:18:4:18:Infinity":10,"s:20:4:20:Infinity":11,"s:23:2:23:Infinity":12}}}
,"C:\\Users\\hp\\Desktop\\Project\\habit-tracker\\src\\lib\\validators.ts": {"path":"C:\\Users\\hp\\Desktop\\Project\\habit-tracker\\src\\lib\\validators.ts","statementMap":{"0":{"start":{"line":8,"column":18},"end":{"line":8,"column":29}},"1":{"start":{"line":10,"column":2},"end":{"line":11,"column":null}},"2":{"start":{"line":11,"column":4},"end":{"line":11,"column":null}},"3":{"start":{"line":14,"column":2},"end":{"line":19,"column":null}},"4":{"start":{"line":15,"column":4},"end":{"line":19,"column":null}},"5":{"start":{"line":22,"column":2},"end":{"line":22,"column":null}}},"fnMap":{"0":{"name":"validateHabitName","decl":{"start":{"line":3,"column":16},"end":{"line":3,"column":34}},"loc":{"start":{"line":7,"column":2},"end":{"line":22,"column":null}},"line":7}},"branchMap":{"0":{"loc":{"start":{"line":10,"column":2},"end":{"line":11,"column":null}},"type":"if","locations":[{"start":{"line":10,"column":2},"end":{"line":11,"column":null}},{"start":{},"end":{}}],"line":10},"1":{"loc":{"start":{"line":14,"column":2},"end":{"line":19,"column":null}},"type":"if","locations":[{"start":{"line":14,"column":2},"end":{"line":19,"column":null}},{"start":{},"end":{}}],"line":14}},"s":{"0":8,"1":8,"2":4,"3":4,"4":1,"5":3},"f":{"0":8},"b":{"0":[4,4],"1":[1,3]},"meta":{"lastBranch":2,"lastFunction":1,"lastStatement":6,"seen":{"f:3:16:3:34":0,"s:8:18:8:29":0,"b:10:2:11:Infinity:undefined:undefined:undefined:undefined":0,"s:10:2:11:Infinity":1,"s:11:4:11:Infinity":2,"b:14:2:19:Infinity:undefined:undefined:undefined:undefined":1,"s:14:2:19:Infinity":3,"s:15:4:19:Infinity":4,"s:22:2:22:Infinity":5}}}
}
